WARNING:root:maximum allowed iterations reached while optimizing the alpha parameter
WARNING:root:maximum allowed iterations reached while optimizing the alpha parameter
WARNING:root:maximum allowed iterations reached while optimizing the alpha parameter
WARNING:root:maximum allowed iterations reached while optimizing the alpha parameter
WARNING:root:maximum allowed iterations reached while optimizing the alpha parameter
WARNING:root:maximum allowed iterations reached while optimizing the alpha parameter
WARNING:root:maximum allowed iterations reached while optimizing the alpha parameter
WARNING:root:maximum allowed iterations reached while optimizing the alpha parameter
WARNING:root:maximum allowed iterations reached while optimizing the alpha parameter
WARNING:root:maximum allowed iterations reached while optimizing the alpha parameter
WARNING:root:maximum allowed iterations reached while optimizing the alpha parameter
WARNING:root:maximum allowed iterations reached while optimizing the alpha parameter
WARNING:root:maximum allowed iterations reached while optimizing the alpha parameter
WARNING:root:maximum allowed iterations reached while optimizing the alpha parameter
WARNING:root:maximum allowed iterations reached while optimizing the alpha parameter
Traceback (most recent call last):
  File "core_info.py", line 44, in <module>
    track_file = glob.glob(cyc_dir + 'ofile_%s_%s_clt.4' %(date,cyc_name))[0]
IndexError: list index out of range
srun: error: compute-1-1: task 0: Exited with exit code 1
WARNING:root:maximum allowed iterations reached while optimizing the alpha parameter
WARNING:root:maximum allowed iterations reached while optimizing the alpha parameter
WARNING:root:maximum allowed iterations reached while optimizing the alpha parameter
WARNING:root:maximum allowed iterations reached while optimizing the alpha parameter
WARNING:root:maximum allowed iterations reached while optimizing the alpha parameter
WARNING:root:maximum allowed iterations reached while optimizing the alpha parameter
WARNING:root:maximum allowed iterations reached while optimizing the alpha parameter
WARNING:root:maximum allowed iterations reached while optimizing the alpha parameter
WARNING:root:maximum allowed iterations reached while optimizing the alpha parameter
WARNING:root:maximum allowed iterations reached while optimizing the alpha parameter
WARNING:root:maximum allowed iterations reached while optimizing the alpha parameter
WARNING:root:maximum allowed iterations reached while optimizing the alpha parameter
WARNING:root:maximum allowed iterations reached while optimizing the alpha parameter
WARNING:root:maximum allowed iterations reached while optimizing the alpha parameter
WARNING:root:maximum allowed iterations reached while optimizing the alpha parameter
WARNING:root:maximum allowed iterations reached while optimizing the alpha parameter
WARNING:root:maximum allowed iterations reached while optimizing the alpha parameter
WARNING:root:maximum allowed iterations reached while optimizing the alpha parameter
WARNING:root:maximum allowed iterations reached while optimizing the alpha parameter
WARNING:root:maximum allowed iterations reached while optimizing the alpha parameter
WARNING:root:maximum allowed iterations reached while optimizing the alpha parameter
WARNING:root:maximum allowed iterations reached while optimizing the alpha parameter
WARNING:root:maximum allowed iterations reached while optimizing the alpha parameter
WARNING:root:maximum allowed iterations reached while optimizing the alpha parameter
WARNING:root:maximum allowed iterations reached while optimizing the alpha parameter
WARNING:root:maximum allowed iterations reached while optimizing the alpha parameter
WARNING:root:maximum allowed iterations reached while optimizing the alpha parameter
WARNING:root:maximum allowed iterations reached while optimizing the alpha parameter
WARNING:root:maximum allowed iterations reached while optimizing the alpha parameter
WARNING:root:maximum allowed iterations reached while optimizing the alpha parameter
WARNING:root:maximum allowed iterations reached while optimizing the alpha parameter
WARNING:root:maximum allowed iterations reached while optimizing the alpha parameter
WARNING:root:maximum allowed iterations reached while optimizing the alpha parameter
WARNING:root:maximum allowed iterations reached while optimizing the alpha parameter
WARNING:root:maximum allowed iterations reached while optimizing the alpha parameter
WARNING:root:maximum allowed iterations reached while optimizing the alpha parameter
WARNING:root:maximum allowed iterations reached while optimizing the alpha parameter
WARNING:root:maximum allowed iterations reached while optimizing the alpha parameter
WARNING:root:maximum allowed iterations reached while optimizing the alpha parameter
WARNING:root:maximum allowed iterations reached while optimizing the alpha parameter
WARNING:root:maximum allowed iterations reached while optimizing the alpha parameter
WARNING:root:maximum allowed iterations reached while optimizing the alpha parameter
WARNING:root:maximum allowed iterations reached while optimizing the alpha parameter
WARNING:root:maximum allowed iterations reached while optimizing the alpha parameter
Traceback (most recent call last):
  File "core_info.py", line 44, in <module>
    track_file = glob.glob(cyc_dir + 'ofile_%s_%s_clt.4' %(date,cyc_name))[0]
IndexError: list index out of range
srun: error: compute-1-1: task 0: Exited with exit code 1
WARNING:root:maximum allowed iterations reached while optimizing the alpha parameter
WARNING:root:maximum allowed iterations reached while optimizing the alpha parameter
WARNING:root:maximum allowed iterations reached while optimizing the alpha parameter
WARNING:root:maximum allowed iterations reached while optimizing the alpha parameter
WARNING:root:maximum allowed iterations reached while optimizing the alpha parameter
WARNING:root:maximum allowed iterations reached while optimizing the alpha parameter
WARNING:root:maximum allowed iterations reached while optimizing the alpha parameter
WARNING:root:maximum allowed iterations reached while optimizing the alpha parameter
WARNING:root:maximum allowed iterations reached while optimizing the alpha parameter
WARNING:root:maximum allowed iterations reached while optimizing the alpha parameter
WARNING:root:maximum allowed iterations reached while optimizing the alpha parameter
WARNING:root:maximum allowed iterations reached while optimizing the alpha parameter
WARNING:root:maximum allowed iterations reached while optimizing the alpha parameter
WARNING:root:maximum allowed iterations reached while optimizing the alpha parameter
WARNING:root:maximum allowed iterations reached while optimizing the alpha parameter
WARNING:root:maximum allowed iterations reached while optimizing the alpha parameter
WARNING:root:maximum allowed iterations reached while optimizing the alpha parameter
WARNING:root:maximum allowed iterations reached while optimizing the alpha parameter
WARNING:root:maximum allowed iterations reached while optimizing the alpha parameter
WARNING:root:maximum allowed iterations reached while optimizing the alpha parameter
WARNING:root:maximum allowed iterations reached while optimizing the alpha parameter
WARNING:root:maximum allowed iterations reached while optimizing the alpha parameter
WARNING:root:maximum allowed iterations reached while optimizing the alpha parameter
WARNING:root:maximum allowed iterations reached while optimizing the alpha parameter
WARNING:root:maximum allowed iterations reached while optimizing the alpha parameter
WARNING:root:maximum allowed iterations reached while optimizing the alpha parameter
WARNING:root:maximum allowed iterations reached while optimizing the alpha parameter
WARNING:root:maximum allowed iterations reached while optimizing the alpha parameter
WARNING:root:maximum allowed iterations reached while optimizing the alpha parameter
WARNING:root:maximum allowed iterations reached while optimizing the alpha parameter
WARNING:root:maximum allowed iterations reached while optimizing the alpha parameter
WARNING:root:maximum allowed iterations reached while optimizing the alpha parameter
WARNING:root:maximum allowed iterations reached while optimizing the alpha parameter
WARNING:root:maximum allowed iterations reached while optimizing the alpha parameter
WARNING:root:maximum allowed iterations reached while optimizing the alpha parameter
WARNING:root:maximum allowed iterations reached while optimizing the alpha parameter
WARNING:root:maximum allowed iterations reached while optimizing the alpha parameter
WARNING:root:maximum allowed iterations reached while optimizing the alpha parameter
WARNING:root:maximum allowed iterations reached while optimizing the alpha parameter
WARNING:root:maximum allowed iterations reached while optimizing the alpha parameter
WARNING:root:maximum allowed iterations reached while optimizing the alpha parameter
WARNING:root:maximum allowed iterations reached while optimizing the alpha parameter
WARNING:root:maximum allowed iterations reached while optimizing the alpha parameter
WARNING:root:maximum allowed iterations reached while optimizing the alpha parameter
WARNING:root:maximum allowed iterations reached while optimizing the alpha parameter
WARNING:root:maximum allowed iterations reached while optimizing the alpha parameter
WARNING:root:maximum allowed iterations reached while optimizing the alpha parameter
WARNING:root:maximum allowed iterations reached while optimizing the alpha parameter
WARNING:root:maximum allowed iterations reached while optimizing the alpha parameter
WARNING:root:maximum allowed iterations reached while optimizing the alpha parameter
WARNING:root:maximum allowed iterations reached while optimizing the alpha parameter
WARNING:root:maximum allowed iterations reached while optimizing the alpha parameter
WARNING:root:maximum allowed iterations reached while optimizing the alpha parameter
WARNING:root:maximum allowed iterations reached while optimizing the alpha parameter
WARNING:root:maximum allowed iterations reached while optimizing the alpha parameter
WARNING:root:maximum allowed iterations reached while optimizing the alpha parameter
WARNING:root:maximum allowed iterations reached while optimizing the alpha parameter
WARNING:root:maximum allowed iterations reached while optimizing the alpha parameter
WARNING:root:maximum allowed iterations reached while optimizing the alpha parameter
WARNING:root:maximum allowed iterations reached while optimizing the alpha parameter
WARNING:root:maximum allowed iterations reached while optimizing the alpha parameter
WARNING:root:maximum allowed iterations reached while optimizing the alpha parameter
WARNING:root:maximum allowed iterations reached while optimizing the alpha parameter
WARNING:root:maximum allowed iterations reached while optimizing the alpha parameter
WARNING:root:maximum allowed iterations reached while optimizing the alpha parameter
WARNING:root:maximum allowed iterations reached while optimizing the alpha parameter
WARNING:root:maximum allowed iterations reached while optimizing the alpha parameter
WARNING:root:maximum allowed iterations reached while optimizing the alpha parameter
WARNING:root:maximum allowed iterations reached while optimizing the alpha parameter
WARNING:root:maximum allowed iterations reached while optimizing the alpha parameter
WARNING:root:maximum allowed iterations reached while optimizing the alpha parameter
WARNING:root:maximum allowed iterations reached while optimizing the alpha parameter
WARNING:root:maximum allowed iterations reached while optimizing the alpha parameter
WARNING:root:maximum allowed iterations reached while optimizing the alpha parameter
WARNING:root:maximum allowed iterations reached while optimizing the alpha parameter
WARNING:root:maximum allowed iterations reached while optimizing the alpha parameter
WARNING:root:maximum allowed iterations reached while optimizing the alpha parameter
WARNING:root:maximum allowed iterations reached while optimizing the alpha parameter
WARNING:root:maximum allowed iterations reached while optimizing the alpha parameter
WARNING:root:maximum allowed iterations reached while optimizing the alpha parameter
WARNING:root:maximum allowed iterations reached while optimizing the alpha parameter
WARNING:root:maximum allowed iterations reached while optimizing the alpha parameter
WARNING:root:maximum allowed iterations reached while optimizing the alpha parameter
WARNING:root:maximum allowed iterations reached while optimizing the alpha parameter
WARNING:root:maximum allowed iterations reached while optimizing the alpha parameter
WARNING:root:maximum allowed iterations reached while optimizing the alpha parameter
WARNING:root:maximum allowed iterations reached while optimizing the alpha parameter
Traceback (most recent call last):
  File "core_info.py", line 44, in <module>
    track_file = glob.glob(cyc_dir + 'ofile_%s_%s_clt.4' %(date,cyc_name))[0]
IndexError: list index out of range
srun: error: compute-1-1: task 0: Exited with exit code 1
WARNING:root:maximum allowed iterations reached while optimizing the alpha parameter
WARNING:root:maximum allowed iterations reached while optimizing the alpha parameter
WARNING:root:maximum allowed iterations reached while optimizing the alpha parameter
WARNING:root:maximum allowed iterations reached while optimizing the alpha parameter
WARNING:root:maximum allowed iterations reached while optimizing the alpha parameter
WARNING:root:maximum allowed iterations reached while optimizing the alpha parameter
WARNING:root:maximum allowed iterations reached while optimizing the alpha parameter
WARNING:root:maximum allowed iterations reached while optimizing the alpha parameter
WARNING:root:maximum allowed iterations reached while optimizing the alpha parameter
WARNING:root:maximum allowed iterations reached while optimizing the alpha parameter
