[850 800 750 700 650 600 500]
20170721_12
[850 800 750 700 650 600 500]
20170723_00
[850 800 750 700 650 600 500]
20170727_18
[850 800 750 700 650 600 500]
20170728_06
[850 800 750 700 650 600 500]
20170728_12
[850 800 750 700 650 600 500]
20170726_12
[850 800 750 700 650 600 500]
20170725_12
[850 800 750 700 650 600 500]
20170726_06
[850 800 750 700 650 600 500]
20170728_18
[850 800 750 700 650 600 500]
20170726_18
[850 800 750 700 650 600 500]
20170727_06
[850 800 750 700 650 600 500]
20170726_12
[850 800 750 700 650 600 500]
20170728_00
[850 800 750 700 650 600 500]
20170727_12
[850 800 750 700 650 600 500]
20170728_12
[850 800 750 700 650 600 500]
20170727_00
[850 800 750 700 650 600 500]
20170726_00
[850 800 750 700 650 600 500]
20170713_18
[850 800 750 700 650 600 500]
20170714_18
[850 800 750 700 650 600 500]
20170714_12
[850 800 750 700 650 600 500]
20170713_12
[850 800 750 700 650 600 500]
20170714_00
[850 800 750 700 650 600 500]
20170715_12
[850 800 750 700 650 600 500]
20170715_18
[850 800 750 700 650 600 500]
20170715_06
[850 800 750 700 650 600 500]
20170714_06
[850 800 750 700 650 600 500]
20170715_00
